<?xml version="1.0" encoding="UTF-8" ?>
<testsuite tests="3" failures="3" name="com.sg.vendingmachine.dao.VendingMachineDaoTest" time="0.01" errors="0" skipped="0">
  <properties>
    <property name="java.runtime.name" value="Java(TM) SE Runtime Environment"/>
    <property name="java.vm.version" value="12.0.2+10"/>
    <property name="sun.boot.library.path" value="/Library/Java/JavaVirtualMachines/jdk-12.0.2.jdk/Contents/Home/lib"/>
    <property name="maven.multiModuleProjectDirectory" value="/Users/bryantkintner/NetBeansProjects/VendingMachine"/>
    <property name="java.vm.vendor" value="Oracle Corporation"/>
    <property name="java.vendor.url" value="https://java.oracle.com/"/>
    <property name="guice.disable.misplaced.annotation.check" value="true"/>
    <property name="path.separator" value=":"/>
    <property name="java.vm.name" value="Java HotSpot(TM) 64-Bit Server VM"/>
    <property name="user.country" value="US"/>
    <property name="sun.java.launcher" value="SUN_STANDARD"/>
    <property name="java.vm.specification.name" value="Java Virtual Machine Specification"/>
    <property name="user.dir" value="/Users/bryantkintner/NetBeansProjects/VendingMachine"/>
    <property name="java.vm.compressedOopsMode" value="Zero based"/>
    <property name="java.runtime.version" value="12.0.2+10"/>
    <property name="java.awt.graphicsenv" value="sun.awt.CGraphicsEnvironment"/>
    <property name="os.arch" value="x86_64"/>
    <property name="java.io.tmpdir" value="/var/folders/bk/mlf82jg51plcvs_mlvl24f8c0000gn/T/"/>
    <property name="line.separator" value="
"/>
    <property name="java.vm.specification.vendor" value="Oracle Corporation"/>
    <property name="os.name" value="Mac OS X"/>
    <property name="maven.ext.class.path" value="/Applications/NetBeans/Apache NetBeans 11.1.app/Contents/Resources/NetBeans/java/maven-nblib/netbeans-eventspy.jar"/>
    <property name="classworlds.conf" value="/Applications/NetBeans/Apache NetBeans 11.1.app/Contents/Resources/NetBeans/java/maven/bin/m2.conf"/>
    <property name="sun.jnu.encoding" value="UTF-8"/>
    <property name="java.library.path" value="/Users/bryantkintner/Library/Java/Extensions:/Library/Java/Extensions:/Network/Library/Java/Extensions:/System/Library/Java/Extensions:/usr/lib/java:."/>
    <property name="jdk.debug" value="release"/>
    <property name="java.class.version" value="56.0"/>
    <property name="java.specification.name" value="Java Platform API Specification"/>
    <property name="sun.management.compiler" value="HotSpot 64-Bit Tiered Compilers"/>
    <property name="os.version" value="10.15.5"/>
    <property name="http.nonProxyHosts" value="local|*.local|169.254/16|*.169.254/16"/>
    <property name="user.home" value="/Users/bryantkintner"/>
    <property name="user.timezone" value="America/Chicago"/>
    <property name="file.encoding" value="UTF-8"/>
    <property name="java.specification.version" value="12"/>
    <property name="user.name" value="bryantkintner"/>
    <property name="java.class.path" value="/Applications/NetBeans/Apache NetBeans 11.1.app/Contents/Resources/NetBeans/java/maven/boot/plexus-classworlds-2.5.2.jar"/>
    <property name="java.vm.specification.version" value="12"/>
    <property name="sun.arch.data.model" value="64"/>
    <property name="sun.java.command" value="org.codehaus.plexus.classworlds.launcher.Launcher -Dmaven.ext.class.path=/Applications/NetBeans/Apache NetBeans 11.1.app/Contents/Resources/NetBeans/java/maven-nblib/netbeans-eventspy.jar clean install"/>
    <property name="java.home" value="/Library/Java/JavaVirtualMachines/jdk-12.0.2.jdk/Contents/Home"/>
    <property name="user.language" value="en"/>
    <property name="java.specification.vendor" value="Oracle Corporation"/>
    <property name="awt.toolkit" value="sun.lwawt.macosx.LWCToolkit"/>
    <property name="java.vm.info" value="mixed mode, sharing"/>
    <property name="java.version" value="12.0.2"/>
    <property name="java.vendor" value="Oracle Corporation"/>
    <property name="maven.home" value="/Applications/NetBeans/Apache NetBeans 11.1.app/Contents/Resources/NetBeans/java/maven"/>
    <property name="file.separator" value="/"/>
    <property name="java.version.date" value="2019-07-16"/>
    <property name="java.vendor.url.bug" value="https://bugreport.java.com/bugreport/"/>
    <property name="sun.io.unicode.encoding" value="UnicodeBig"/>
    <property name="sun.cpu.endian" value="little"/>
    <property name="socksNonProxyHosts" value="local|*.local|169.254/16|*.169.254/16"/>
    <property name="ftp.nonProxyHosts" value="local|*.local|169.254/16|*.169.254/16"/>
  </properties>
  <testcase classname="com.sg.vendingmachine.dao.VendingMachineDaoTest" name="com.sg.vendingmachine.dao.VendingMachineDaoTest.testListAllItems" time="0.009">
    <failure message="-_- Could not load receipt data into memory." type="com.sg.vendingmachine.dao.VendingMachinePersistenceException">com.sg.vendingmachine.dao.VendingMachinePersistenceException: -_- Could not load receipt data into memory.
	at com.sg.vendingmachine.dao.VendingMachineDaoFileImpl.loadReceipt(VendingMachineDaoFileImpl.java:75)
	at com.sg.vendingmachine.dao.VendingMachineDaoFileImpl.getAllItems(VendingMachineDaoFileImpl.java:44)
	at com.sg.vendingmachine.dao.VendingMachineDaoTest.testListAllItems(VendingMachineDaoTest.java:87)
Caused by: java.io.FileNotFoundException: TESTreceipt.txt (No such file or directory)
	at java.base/java.io.FileInputStream.open0(Native Method)
	at java.base/java.io.FileInputStream.open(FileInputStream.java:213)
	at java.base/java.io.FileInputStream.&lt;init&gt;(FileInputStream.java:155)
	at java.base/java.io.FileInputStream.&lt;init&gt;(FileInputStream.java:110)
	at java.base/java.io.FileReader.&lt;init&gt;(FileReader.java:60)
	at com.sg.vendingmachine.dao.VendingMachineDaoFileImpl.loadReceipt(VendingMachineDaoFileImpl.java:71)
	... 20 more
</failure>
  </testcase>
  <testcase classname="com.sg.vendingmachine.dao.VendingMachineDaoTest" name="com.sg.vendingmachine.dao.VendingMachineDaoTest.testGetItem" time="0.001">
    <failure message="-_- Could not load receipt data into memory." type="com.sg.vendingmachine.dao.VendingMachinePersistenceException">com.sg.vendingmachine.dao.VendingMachinePersistenceException: -_- Could not load receipt data into memory.
	at com.sg.vendingmachine.dao.VendingMachineDaoFileImpl.loadReceipt(VendingMachineDaoFileImpl.java:75)
	at com.sg.vendingmachine.dao.VendingMachineDaoFileImpl.getItem(VendingMachineDaoFileImpl.java:51)
	at com.sg.vendingmachine.dao.VendingMachineDaoTest.testGetItem(VendingMachineDaoTest.java:98)
Caused by: java.io.FileNotFoundException: TESTreceipt.txt (No such file or directory)
	at java.base/java.io.FileInputStream.open0(Native Method)
	at java.base/java.io.FileInputStream.open(FileInputStream.java:213)
	at java.base/java.io.FileInputStream.&lt;init&gt;(FileInputStream.java:155)
	at java.base/java.io.FileInputStream.&lt;init&gt;(FileInputStream.java:110)
	at java.base/java.io.FileReader.&lt;init&gt;(FileReader.java:60)
	at com.sg.vendingmachine.dao.VendingMachineDaoFileImpl.loadReceipt(VendingMachineDaoFileImpl.java:71)
	... 20 more
</failure>
  </testcase>
  <testcase classname="com.sg.vendingmachine.dao.VendingMachineDaoTest" name="com.sg.vendingmachine.dao.VendingMachineDaoTest.testPurchaseItem" time="0">
    <failure message="-_- Could not load receipt data into memory." type="com.sg.vendingmachine.dao.VendingMachinePersistenceException">com.sg.vendingmachine.dao.VendingMachinePersistenceException: -_- Could not load receipt data into memory.
	at com.sg.vendingmachine.dao.VendingMachineDaoFileImpl.loadReceipt(VendingMachineDaoFileImpl.java:75)
	at com.sg.vendingmachine.dao.VendingMachineDaoFileImpl.getItem(VendingMachineDaoFileImpl.java:51)
	at com.sg.vendingmachine.dao.VendingMachineDaoFileImpl.purchaseItem(VendingMachineDaoFileImpl.java:59)
	at com.sg.vendingmachine.dao.VendingMachineDaoTest.testPurchaseItem(VendingMachineDaoTest.java:107)
Caused by: java.io.FileNotFoundException: TESTreceipt.txt (No such file or directory)
	at java.base/java.io.FileInputStream.open0(Native Method)
	at java.base/java.io.FileInputStream.open(FileInputStream.java:213)
	at java.base/java.io.FileInputStream.&lt;init&gt;(FileInputStream.java:155)
	at java.base/java.io.FileInputStream.&lt;init&gt;(FileInputStream.java:110)
	at java.base/java.io.FileReader.&lt;init&gt;(FileReader.java:60)
	at com.sg.vendingmachine.dao.VendingMachineDaoFileImpl.loadReceipt(VendingMachineDaoFileImpl.java:71)
	... 21 more
</failure>
  </testcase>
</testsuite>